Determining if the pthread_create exist failed with the following output:
Change Dir: /home/conor/catkin_ws/build/CMakeFiles/CMakeTmp

Run Build Command:/usr/bin/make "cmTryCompileExec858150243/fast"
/usr/bin/make -f CMakeFiles/cmTryCompileExec858150243.dir/build.make CMakeFiles/cmTryCompileExec858150243.dir/build
make[1]: Entering directory `/home/conor/catkin_ws/build/CMakeFiles/CMakeTmp'
/usr/bin/cmake -E cmake_progress_report /home/conor/catkin_ws/build/CMakeFiles/CMakeTmp/CMakeFiles 1
Building C object CMakeFiles/cmTryCompileExec858150243.dir/CheckSymbolExists.c.o
/usr/bin/cc    -o CMakeFiles/cmTryCompileExec858150243.dir/CheckSymbolExists.c.o   -c /home/conor/catkin_ws/build/CMakeFiles/CMakeTmp/CheckSymbolExists.c
Linking C executable cmTryCompileExec858150243
/usr/bin/cmake -E cmake_link_script CMakeFiles/cmTryCompileExec858150243.dir/link.txt --verbose=1
/usr/bin/cc       CMakeFiles/cmTryCompileExec858150243.dir/CheckSymbolExists.c.o  -o cmTryCompileExec858150243 -rdynamic 
CMakeFiles/cmTryCompileExec858150243.dir/CheckSymbolExists.c.o: In function `main':
CheckSymbolExists.c:(.text+0x16): undefined reference to `pthread_create'
collect2: error: ld returned 1 exit status
make[1]: Leaving directory `/home/conor/catkin_ws/build/CMakeFiles/CMakeTmp'
make[1]: *** [cmTryCompileExec858150243] Error 1
make: *** [cmTryCompileExec858150243/fast] Error 2

File /home/conor/catkin_ws/build/CMakeFiles/CMakeTmp/CheckSymbolExists.c:
/* */
#include <pthread.h>

int main(int argc, char** argv)
{
  (void)argv;
#ifndef pthread_create
  return ((int*)(&pthread_create))[argc];
#else
  (void)argc;
  return 0;
#endif
}

Determining if the function pthread_create exists in the pthreads failed with the following output:
Change Dir: /home/conor/catkin_ws/build/CMakeFiles/CMakeTmp

Run Build Command:/usr/bin/make "cmTryCompileExec2565299697/fast"
/usr/bin/make -f CMakeFiles/cmTryCompileExec2565299697.dir/build.make CMakeFiles/cmTryCompileExec2565299697.dir/build
make[1]: Entering directory `/home/conor/catkin_ws/build/CMakeFiles/CMakeTmp'
/usr/bin/cmake -E cmake_progress_report /home/conor/catkin_ws/build/CMakeFiles/CMakeTmp/CMakeFiles 1
Building C object CMakeFiles/cmTryCompileExec2565299697.dir/CheckFunctionExists.c.o
/usr/bin/cc   -DCHECK_FUNCTION_EXISTS=pthread_create   -o CMakeFiles/cmTryCompileExec2565299697.dir/CheckFunctionExists.c.o   -c /usr/share/cmake-2.8/Modules/CheckFunctionExists.c
Linking C executable cmTryCompileExec2565299697
/usr/bin/cmake -E cmake_link_script CMakeFiles/cmTryCompileExec2565299697.dir/link.txt --verbose=1
/usr/bin/cc   -DCHECK_FUNCTION_EXISTS=pthread_create    CMakeFiles/cmTryCompileExec2565299697.dir/CheckFunctionExists.c.o  -o cmTryCompileExec2565299697 -rdynamic -lpthreads 
/usr/bin/ld: cannot find -lpthreads
collect2: error: ld returned 1 exit status
make[1]: Leaving directory `/home/conor/catkin_ws/build/CMakeFiles/CMakeTmp'
make[1]: *** [cmTryCompileExec2565299697] Error 1
make: *** [cmTryCompileExec2565299697/fast] Error 2


